#
# There is insufficient memory for the Java Runtime Environment to continue.
# Native memory allocation (malloc) failed to allocate 32744 bytes for ChunkPool::allocate
# Possible reasons:
#   The system is out of physical RAM or swap space
#   The process is running with CompressedOops enabled, and the Java Heap may be blocking the growth of the native heap
# Possible solutions:
#   Reduce memory load on the system
#   Increase physical memory or swap space
#   Check if swap backing store is full
#   Decrease Java heap size (-Xmx/-Xms)
#   Decrease number of Java threads
#   Decrease Java thread stack sizes (-Xss)
#   Set larger code cache with -XX:ReservedCodeCacheSize=
#   JVM is running with Unscaled Compressed Oops mode in which the Java heap is
#     placed in the first 4GB address space. The Java Heap base address is the
#     maximum limit for the native heap growth. Please use -XX:HeapBaseMinAddress
#     to set the Java Heap base and to place the Java Heap above 4GB virtual address.
# This output file may be truncated or incomplete.
#
#  Out of Memory Error (allocation.cpp:272), pid=3856, tid=0x00000000000043d0
#
# JRE version: Java(TM) SE Runtime Environment (8.0_241-b07) (build 1.8.0_241-b07)
# Java VM: Java HotSpot(TM) 64-Bit Server VM (25.241-b07 mixed mode windows-amd64 compressed oops)
# Failed to write core dump. Minidumps are not enabled by default on client versions of Windows
#

---------------  T H R E A D  ---------------

Current thread (0x0000000015001800):  JavaThread "C2 CompilerThread0" daemon [_thread_in_native, id=17360, stack(0x0000000016660000,0x0000000016760000)]

Stack: [0x0000000016660000,0x0000000016760000]
[error occurred during error reporting (printing stack bounds), id 0xc0000005]

Native frames: (J=compiled Java code, j=interpreted, Vv=VM code, C=native code)


Current CompileTask:
C2:  21097 2233       4       java.lang.StringBuilder::append (8 bytes)


---------------  P R O C E S S  ---------------

Java Threads: ( => current thread )
  0x0000000017fac000 JavaThread "AsyncHttpClient-1-9" daemon [_thread_in_native, id=6628, stack(0x0000000022ff0000,0x00000000230f0000)]
  0x0000000017fa7000 JavaThread "AsyncHttpClient-1-8" daemon [_thread_in_native, id=4824, stack(0x0000000021ee0000,0x0000000021fe0000)]
  0x0000000017fa4000 JavaThread "Exec Stream Pumper" daemon [_thread_in_native, id=18524, stack(0x000000001ae40000,0x000000001af40000)]
  0x0000000017fa8000 JavaThread "Exec Stream Pumper" daemon [_thread_in_native, id=17988, stack(0x000000001ad40000,0x000000001ae40000)]
  0x0000000017fa5800 JavaThread "Exec Default Executor" daemon [_thread_in_native, id=8712, stack(0x000000001ab40000,0x000000001ac40000)]
  0x0000000017fa9800 JavaThread "Keep-Alive-Timer" daemon [_thread_blocked, id=10036, stack(0x000000001af40000,0x000000001b040000)]
  0x0000000017fa6800 JavaThread "AsyncHttpClient-1-7" daemon [_thread_in_native, id=21532, stack(0x0000000020dd0000,0x0000000020ed0000)]
  0x0000000017fab000 JavaThread "AsyncHttpClient-1-6" daemon [_thread_in_native, id=668, stack(0x000000001fcc0000,0x000000001fdc0000)]
  0x0000000017faa800 JavaThread "AsyncHttpClient-1-5" daemon [_thread_in_native, id=7404, stack(0x000000001ebb0000,0x000000001ecb0000)]
  0x000000001501b800 JavaThread "AsyncHttpClient-1-4" daemon [_thread_in_native, id=20868, stack(0x000000001d760000,0x000000001d860000)]
  0x0000000015017800 JavaThread "AsyncHttpClient-1-3" daemon [_thread_in_native, id=14720, stack(0x000000001c650000,0x000000001c750000)]
  0x0000000015017000 JavaThread "AsyncHttpClient-1-2" daemon [_thread_in_native, id=848, stack(0x000000001b440000,0x000000001b540000)]
  0x000000001819e000 JavaThread "UrlChecker-2" daemon [_thread_blocked, id=12476, stack(0x000000001ac40000,0x000000001ad40000)]
  0x00000000177d3800 JavaThread "netty-client-timer-3-1" daemon [_thread_blocked, id=21020, stack(0x0000000019a70000,0x0000000019b70000)]
  0x0000000017e97000 JavaThread "AsyncHttpClient-1-1" daemon [_thread_blocked, id=13032, stack(0x0000000019770000,0x0000000019870000)]
  0x00000000175fd800 JavaThread "ForkJoinPool.commonPool-worker-3" daemon [_thread_blocked, id=13092, stack(0x0000000019070000,0x0000000019170000)]
  0x00000000175fa800 JavaThread "ForkJoinPool.commonPool-worker-2" daemon [_thread_blocked, id=1960, stack(0x0000000018f70000,0x0000000019070000)]
  0x00000000175fa000 JavaThread "ForkJoinPool.commonPool-worker-1" daemon [_thread_blocked, id=10024, stack(0x0000000018e70000,0x0000000018f70000)]
  0x000000001758e800 JavaThread "ReaderThread" [_thread_in_native, id=20328, stack(0x0000000018b70000,0x0000000018c70000)]
  0x00000000169a0000 JavaThread "Service Thread" daemon [_thread_blocked, id=17332, stack(0x0000000016d60000,0x0000000016e60000)]
  0x0000000015018800 JavaThread "C1 CompilerThread2" daemon [_thread_in_native, id=3860, stack(0x0000000016860000,0x0000000016960000)]
  0x0000000015005000 JavaThread "C2 CompilerThread1" daemon [_thread_blocked, id=11764, stack(0x0000000016760000,0x0000000016860000)]
=>0x0000000015001800 JavaThread "C2 CompilerThread0" daemon [_thread_in_native, id=17360, stack(0x0000000016660000,0x0000000016760000)]
  0x0000000014ffe800 JavaThread "Attach Listener" daemon [_thread_blocked, id=18136, stack(0x0000000016560000,0x0000000016660000)]
  0x0000000014ffd000 JavaThread "Signal Dispatcher" daemon [_thread_blocked, id=3968, stack(0x0000000016460000,0x0000000016560000)]
  0x0000000014fdf800 JavaThread "Finalizer" daemon [_thread_blocked, id=9564, stack(0x0000000016260000,0x0000000016360000)]
  0x0000000014fd8800 JavaThread "Reference Handler" daemon [_thread_blocked, id=22192, stack(0x0000000016160000,0x0000000016260000)]
  0x0000000002d88000 JavaThread "main" [_thread_in_vm, id=13084, stack(0x0000000002c80000,0x0000000002d80000)]

Other Threads:
  0x0000000014fb6800 VMThread [stack: 0x0000000016060000,0x0000000016160000] [id=22040]
  0x00000000169f2000 WatcherThread [stack: 0x0000000016e60000,0x0000000016f60000] [id=14128]

VM state:not at safepoint (normal execution)

VM Mutex/Monitor currently owned by a thread: None

OutOfMemory and StackOverflow Exception counts:
OutOfMemoryError java_heap_errors=2

heap address: 0x00000000c9400000, size: 876 MB, Compressed Oops mode: 32-bit
Narrow klass base: 0x0000000000000000, Narrow klass shift: 3
Compressed class space size: 1073741824 Address: 0x0000000100000000

Heap:
 PSYoungGen      total 64000K, used 20312K [0x00000000edc00000, 0x00000000f2900000, 0x0000000100000000)
  eden space 57344K, 35% used [0x00000000edc00000,0x00000000eefd6260,0x00000000f1400000)
  from space 6656K, 0% used [0x00000000f1400000,0x00000000f1400000,0x00000000f1a80000)
  to   space 6656K, 0% used [0x00000000f2280000,0x00000000f2280000,0x00000000f2900000)
 ParOldGen       total 86016K, used 42541K [0x00000000c9400000, 0x00000000ce800000, 0x00000000edc00000)
  object space 86016K, 49% used [0x00000000c9400000,0x00000000cbd8b628,0x00000000ce800000)
 Metaspace       used 25668K, capacity 26807K, committed 27008K, reserved 1073152K
  class space    used 3307K, capacity 3600K, committed 3712K, reserved 1048576K

Card table byte_map: [0x0000000012240000,0x0000000012400000] byte_map_base: 0x0000000011bf6000

Marking Bits: (ParMarkBitMap*) 0x000000005753be30
 Begin Bits: [0x0000000012930000, 0x00000000136e0000)
 End Bits:   [0x00000000136e0000, 0x0000000014490000)

Polling page: 0x0000000002b00000

CodeCache: size=245760Kb used=6319Kb max_used=6946Kb free=239440Kb
 bounds [0x0000000002e80000, 0x0000000003570000, 0x0000000011e80000]
 total_blobs=2484 nmethods=1990 adapters=407
 compilation: enabled

Compilation events (10 events):
Event: 21.082 Thread 0x0000000015018800 2220       3       jdk.internal.org.objectweb.asm.MethodVisitor::visitEnd (15 bytes)
Event: 21.082 Thread 0x0000000015018800 nmethod 2220 0x000000000338edd0 code [0x000000000338ef40, 0x000000000338f1a8]
Event: 21.082 Thread 0x0000000015018800 2221       3       java.lang.invoke.LambdaForm$DMH/977993101::invokeStatic_L6_L (24 bytes)
Event: 21.083 Thread 0x0000000015018800 nmethod 2221 0x0000000002fb4b90 code [0x0000000002fb4d20, 0x0000000002fb52d8]
Event: 21.083 Thread 0x0000000015018800 2226       3       java.lang.invoke.InnerClassLambdaMetafactory::<init> (262 bytes)
Event: 21.085 Thread 0x0000000015018800 nmethod 2226 0x0000000002fe91d0 code [0x0000000002fe9600, 0x0000000002fec408]
Event: 21.085 Thread 0x0000000015018800 2228       3       java.lang.invoke.AbstractValidatingLambdaMetafactory::validateMetafactoryArgs (864 bytes)
Event: 21.088 Thread 0x0000000015005000 2230       4       java.io.WinNTFileSystem::prefixLength (91 bytes)
Event: 21.090 Thread 0x0000000015005000 nmethod 2230 0x0000000002fe8d10 code [0x0000000002fe8e60, 0x0000000002fe9018]
Event: 21.093 Thread 0x0000000015001800 2233       4       java.lang.StringBuilder::append (8 bytes)

GC Heap History (10 events):
Event: 3.355 GC heap before
{Heap before GC invocations=5 (full 0):
 PSYoungGen      total 31744K, used 27681K [0x00000000edc00000, 0x00000000efd00000, 0x0000000100000000)
  eden space 29696K, 86% used [0x00000000edc00000,0x00000000ef50c4f8,0x00000000ef900000)
  from space 2048K, 99% used [0x00000000efb00000,0x00000000efcfc050,0x00000000efd00000)
  to   space 2048K, 0% used [0x00000000ef900000,0x00000000ef900000,0x00000000efb00000)
 ParOldGen       total 38400K, used 8570K [0x00000000c9400000, 0x00000000cb980000, 0x00000000edc00000)
  object space 38400K, 22% used [0x00000000c9400000,0x00000000c9c5eb30,0x00000000cb980000)
 Metaspace       used 20481K, capacity 21145K, committed 21296K, reserved 1069056K
  class space    used 2505K, capacity 2688K, committed 2688K, reserved 1048576K
Event: 3.368 GC heap after
Heap after GC invocations=5 (full 0):
 PSYoungGen      total 31744K, used 2048K [0x00000000edc00000, 0x00000000f2300000, 0x0000000100000000)
  eden space 29696K, 0% used [0x00000000edc00000,0x00000000edc00000,0x00000000ef900000)
  from space 2048K, 100% used [0x00000000ef900000,0x00000000efb00000,0x00000000efb00000)
  to   space 6656K, 0% used [0x00000000f1c80000,0x00000000f1c80000,0x00000000f2300000)
 ParOldGen       total 38400K, used 12599K [0x00000000c9400000, 0x00000000cb980000, 0x00000000edc00000)
  object space 38400K, 32% used [0x00000000c9400000,0x00000000ca04df58,0x00000000cb980000)
 Metaspace       used 20481K, capacity 21145K, committed 21296K, reserved 1069056K
  class space    used 2505K, capacity 2688K, committed 2688K, reserved 1048576K
}
Event: 3.368 GC heap before
{Heap before GC invocations=6 (full 1):
 PSYoungGen      total 31744K, used 2048K [0x00000000edc00000, 0x00000000f2300000, 0x0000000100000000)
  eden space 29696K, 0% used [0x00000000edc00000,0x00000000edc00000,0x00000000ef900000)
  from space 2048K, 100% used [0x00000000ef900000,0x00000000efb00000,0x00000000efb00000)
  to   space 6656K, 0% used [0x00000000f1c80000,0x00000000f1c80000,0x00000000f2300000)
 ParOldGen       total 38400K, used 12599K [0x00000000c9400000, 0x00000000cb980000, 0x00000000edc00000)
  object space 38400K, 32% used [0x00000000c9400000,0x00000000ca04df58,0x00000000cb980000)
 Metaspace       used 20481K, capacity 21145K, committed 21296K, reserved 1069056K
  class space    used 2505K, capacity 2688K, committed 2688K, reserved 1048576K
Event: 3.405 GC heap after
Heap after GC invocations=6 (full 1):
 PSYoungGen      total 31744K, used 0K [0x00000000edc00000, 0x00000000f2300000, 0x0000000100000000)
  eden space 29696K, 0% used [0x00000000edc00000,0x00000000edc00000,0x00000000ef900000)
  from space 2048K, 0% used [0x00000000ef900000,0x00000000ef900000,0x00000000efb00000)
  to   space 6656K, 0% used [0x00000000f1c80000,0x00000000f1c80000,0x00000000f2300000)
 ParOldGen       total 35840K, used 9641K [0x00000000c9400000, 0x00000000cb700000, 0x00000000edc00000)
  object space 35840K, 26% used [0x00000000c9400000,0x00000000c9d6a790,0x00000000cb700000)
 Metaspace       used 20481K, capacity 21145K, committed 21296K, reserved 1069056K
  class space    used 2505K, capacity 2688K, committed 2688K, reserved 1048576K
}
Event: 6.731 GC heap before
{Heap before GC invocations=7 (full 1):
 PSYoungGen      total 31744K, used 29696K [0x00000000edc00000, 0x00000000f2300000, 0x0000000100000000)
  eden space 29696K, 100% used [0x00000000edc00000,0x00000000ef900000,0x00000000ef900000)
  from space 2048K, 0% used [0x00000000ef900000,0x00000000ef900000,0x00000000efb00000)
  to   space 6656K, 0% used [0x00000000f1c80000,0x00000000f1c80000,0x00000000f2300000)
 ParOldGen       total 35840K, used 26025K [0x00000000c9400000, 0x00000000cb700000, 0x00000000edc00000)
  object space 35840K, 72% used [0x00000000c9400000,0x00000000cad6a7a0,0x00000000cb700000)
 Metaspace       used 24692K, capacity 25787K, committed 26112K, reserved 1071104K
  class space    used 3184K, capacity 3466K, committed 3584K, reserved 1048576K
Event: 6.740 GC heap after
Heap after GC invocations=7 (full 1):
 PSYoungGen      total 49664K, used 4292K [0x00000000edc00000, 0x00000000f2100000, 0x0000000100000000)
  eden space 45056K, 0% used [0x00000000edc00000,0x00000000edc00000,0x00000000f0800000)
  from space 4608K, 93% used [0x00000000f1c80000,0x00000000f20b12a8,0x00000000f2100000)
  to   space 6656K, 0% used [0x00000000f1400000,0x00000000f1400000,0x00000000f1a80000)
 ParOldGen       total 35840K, used 26033K [0x00000000c9400000, 0x00000000cb700000, 0x00000000edc00000)
  object space 35840K, 72% used [0x00000000c9400000,0x00000000cad6c7a0,0x00000000cb700000)
 Metaspace       used 24692K, capacity 25787K, committed 26112K, reserved 1071104K
  class space    used 3184K, capacity 3466K, committed 3584K, reserved 1048576K
}
Event: 20.173 GC heap before
{Heap before GC invocations=8 (full 1):
 PSYoungGen      total 49664K, used 37010K [0x00000000edc00000, 0x00000000f2100000, 0x0000000100000000)
  eden space 45056K, 72% used [0x00000000edc00000,0x00000000efbf38c8,0x00000000f0800000)
  from space 4608K, 93% used [0x00000000f1c80000,0x00000000f20b12a8,0x00000000f2100000)
  to   space 6656K, 0% used [0x00000000f1400000,0x00000000f1400000,0x00000000f1a80000)
 ParOldGen       total 35840K, used 26033K [0x00000000c9400000, 0x00000000cb700000, 0x00000000edc00000)
  object space 35840K, 72% used [0x00000000c9400000,0x00000000cad6c7a0,0x00000000cb700000)
 Metaspace       used 25377K, capacity 26513K, committed 26624K, reserved 1073152K
  class space    used 3260K, capacity 3527K, committed 3584K, reserved 1048576K
Event: 20.186 GC heap after
Heap after GC invocations=8 (full 1):
 PSYoungGen      total 64000K, used 3033K [0x00000000edc00000, 0x00000000f2900000, 0x0000000100000000)
  eden space 57344K, 0% used [0x00000000edc00000,0x00000000edc00000,0x00000000f1400000)
  from space 6656K, 45% used [0x00000000f1400000,0x00000000f16f6408,0x00000000f1a80000)
  to   space 6656K, 0% used [0x00000000f2280000,0x00000000f2280000,0x00000000f2900000)
 ParOldGen       total 52736K, used 42425K [0x00000000c9400000, 0x00000000cc780000, 0x00000000edc00000)
  object space 52736K, 80% used [0x00000000c9400000,0x00000000cbd6e7b0,0x00000000cc780000)
 Metaspace       used 25377K, capacity 26513K, committed 26624K, reserved 1073152K
  class space    used 3260K, capacity 3527K, committed 3584K, reserved 1048576K
}
Event: 20.187 GC heap before
{Heap before GC invocations=9 (full 2):
 PSYoungGen      total 64000K, used 3033K [0x00000000edc00000, 0x00000000f2900000, 0x0000000100000000)
  eden space 57344K, 0% used [0x00000000edc00000,0x00000000edc00000,0x00000000f1400000)
  from space 6656K, 45% used [0x00000000f1400000,0x00000000f16f6408,0x00000000f1a80000)
  to   space 6656K, 0% used [0x00000000f2280000,0x00000000f2280000,0x00000000f2900000)
 ParOldGen       total 52736K, used 42425K [0x00000000c9400000, 0x00000000cc780000, 0x00000000edc00000)
  object space 52736K, 80% used [0x00000000c9400000,0x00000000cbd6e7b0,0x00000000cc780000)
 Metaspace       used 25377K, capacity 26513K, committed 26624K, reserved 1073152K
  class space    used 3260K, capacity 3527K, committed 3584K, reserved 1048576K
Event: 20.232 GC heap after
Heap after GC invocations=9 (full 2):
 PSYoungGen      total 64000K, used 0K [0x00000000edc00000, 0x00000000f2900000, 0x0000000100000000)
  eden space 57344K, 0% used [0x00000000edc00000,0x00000000edc00000,0x00000000f1400000)
  from space 6656K, 0% used [0x00000000f1400000,0x00000000f1400000,0x00000000f1a80000)
  to   space 6656K, 0% used [0x00000000f2280000,0x00000000f2280000,0x00000000f2900000)
 ParOldGen       total 86016K, used 42541K [0x00000000c9400000, 0x00000000ce800000, 0x00000000edc00000)
  object space 86016K, 49% used [0x00000000c9400000,0x00000000cbd8b628,0x00000000ce800000)
 Metaspace       used 25377K, capacity 26513K, committed 26624K, reserved 1073152K
  class space    used 3260K, capacity 3527K, committed 3584K, reserved 1048576K
}

Deoptimization events (10 events):
Event: 2.737 Thread 0x0000000002d88000 Uncommon trap: reason=unstable_if action=reinterpret pc=0x000000000301c59c method=java.lang.String.replace(CC)Ljava/lang/String; @ 2
Event: 3.329 Thread 0x0000000002d88000 Uncommon trap: reason=unstable_if action=reinterpret pc=0x00000000033d0294 method=jdk.internal.org.objectweb.asm.Type.getArgumentsAndReturnSizes(Ljava/lang/String;)I @ 41
Event: 3.507 Thread 0x0000000002d88000 Uncommon trap: reason=class_check action=maybe_recompile pc=0x000000000333f184 method=java.util.regex.Matcher.search(I)Z @ 86
Event: 3.507 Thread 0x0000000002d88000 Uncommon trap: reason=class_check action=maybe_recompile pc=0x000000000333f184 method=java.util.regex.Matcher.search(I)Z @ 86
Event: 3.507 Thread 0x0000000002d88000 Uncommon trap: reason=class_check action=maybe_recompile pc=0x000000000333f184 method=java.util.regex.Matcher.search(I)Z @ 86
Event: 3.507 Thread 0x0000000002d88000 Uncommon trap: reason=class_check action=maybe_recompile pc=0x000000000333f184 method=java.util.regex.Matcher.search(I)Z @ 86
Event: 3.543 Thread 0x0000000002d88000 Uncommon trap: reason=unstable_if action=reinterpret pc=0x000000000333ae68 method=java.util.regex.Pattern$BmpCharProperty.match(Ljava/util/regex/Matcher;ILjava/lang/CharSequence;)Z @ 34
Event: 6.655 Thread 0x0000000002d88000 Uncommon trap: reason=unstable_if action=reinterpret pc=0x0000000003361c5c method=java.util.concurrent.ConcurrentHashMap.putVal(Ljava/lang/Object;Ljava/lang/Object;Z)Ljava/lang/Object; @ 181
Event: 19.625 Thread 0x0000000002d88000 Uncommon trap: reason=range_check action=make_not_entrant pc=0x00000000034fae60 method=java.lang.String.charAt(I)C @ 27
Event: 21.005 Thread 0x0000000002d88000 Uncommon trap: reason=unstable_if action=reinterpret pc=0x00000000030d91b4 method=java.lang.AbstractStringBuilder.append(Ljava/lang/String;)Ljava/lang/AbstractStringBuilder; @ 1

Classes redefined (0 events):
No events

Internal exceptions (10 events):
Event: 19.593 Thread 0x000000001819e000 Exception <a 'java/net/SocketTimeoutException': connect timed out> (0x00000000ef7c5f78) thrown at [C:\ade\jenkins\workspace\8-2-build-windows-amd64-cygwin\jdk8u241\331\hotspot\src\share\vm\prims\jni.cpp, line 736]
Event: 20.140 Thread 0x000000001819e000 Exception <a 'java/net/SocketTimeoutException': connect timed out> (0x00000000ef7c7420) thrown at [C:\ade\jenkins\workspace\8-2-build-windows-amd64-cygwin\jdk8u241\331\hotspot\src\share\vm\prims\jni.cpp, line 736]
Event: 20.997 Thread 0x0000000017fac000 Exception <a 'java/lang/OutOfMemoryError'> (0x00000000eed3f400) thrown at [C:\ade\jenkins\workspace\8-2-build-windows-amd64-cygwin\jdk8u241\331\hotspot\src\share\vm\prims\unsafe.cpp, line 618]
Event: 20.997 Thread 0x0000000017fac000 Exception <a 'java/lang/OutOfMemoryError'> (0x00000000eed3f400) thrown at [C:\ade\jenkins\workspace\8-2-build-windows-amd64-cygwin\jdk8u241\331\hotspot\src\share\vm\prims\jni.cpp, line 710]
Event: 20.999 Thread 0x0000000002d88000 Exception <a 'java/lang/reflect/InvocationTargetException'> (0x00000000eec692d0) thrown at [C:\ade\jenkins\workspace\8-2-build-windows-amd64-cygwin\jdk8u241\331\hotspot\src\share\vm\runtime\reflection.cpp, line 1092]
Event: 21.005 Thread 0x0000000002d88000 Exception <a 'java/lang/NullPointerException'> (0x00000000eecac010) thrown at [C:\ade\jenkins\workspace\8-2-build-windows-amd64-cygwin\jdk8u241\331\hotspot\src\share\vm\interpreter\linkResolver.cpp, line 1287]
Event: 21.005 Thread 0x0000000002d88000 Exception <a 'java/lang/reflect/InvocationTargetException'> (0x00000000eecac400) thrown at [C:\ade\jenkins\workspace\8-2-build-windows-amd64-cygwin\jdk8u241\331\hotspot\src\share\vm\runtime\reflection.cpp, line 1092]
Event: 21.005 Thread 0x0000000002d88000 Implicit null exception at 0x00000000030d8e16 to 0x00000000030d919d
Event: 21.081 Thread 0x0000000002d88000 Exception <a 'java/lang/NoSuchMethodError': java.lang.Object.lambda$comparing$77a9974f$1(Ljava/util/function/Function;Ljava/lang/Object;Ljava/lang/Object;)I> (0x00000000eef43be8) thrown at [C:\ade\jenkins\workspace\8-2-build-windows-amd64-cygwin\jdk8u241\
Event: 21.083 Thread 0x0000000002d88000 Exception <a 'java/lang/NoSuchMethodError': java.lang.Object.lambda$thenComparing$36697e65$1(Ljava/util/Comparator;Ljava/lang/Object;Ljava/lang/Object;)I> (0x00000000eef4e550) thrown at [C:\ade\jenkins\workspace\8-2-build-windows-amd64-cygwin\jdk8u241\331

Events (10 events):
Event: 21.085 loading class org/testng/ITestResult
Event: 21.085 loading class org/testng/ITestResult done
Event: 21.085 loading class org/testng/ITestResult
Event: 21.085 loading class org/testng/ITestResult done
Event: 21.087 loading class org/testng/reporters/EmailableReporter2$MethodResult
Event: 21.087 loading class org/testng/reporters/EmailableReporter2$MethodResult done
Event: 21.087 loading class org/testng/reporters/EmailableReporter2$ClassResult
Event: 21.087 loading class org/testng/reporters/EmailableReporter2$ClassResult done
Event: 21.090 loading class java/text/NumberFormat$Field
Event: 21.091 loading class java/text/NumberFormat$Field done


Dynamic libraries:
0x00007ff65fc70000 - 0x00007ff65fca7000 	C:\Program Files\Java\jdk1.8.0_241\bin\javaw.exe
0x00007ffae50b0000 - 0x00007ffae52a5000 	C:\WINDOWS\SYSTEM32\ntdll.dll
0x00007ffae44c0000 - 0x00007ffae457d000 	C:\WINDOWS\System32\KERNEL32.DLL
0x00007ffae2820000 - 0x00007ffae2ae9000 	C:\WINDOWS\System32\KERNELBASE.dll
0x00007ffae40b0000 - 0x00007ffae415c000 	C:\WINDOWS\System32\ADVAPI32.dll
0x00007ffae4f70000 - 0x00007ffae500e000 	C:\WINDOWS\System32\msvcrt.dll
0x00007ffae3330000 - 0x00007ffae33cb000 	C:\WINDOWS\System32\sechost.dll
0x00007ffae4d60000 - 0x00007ffae4e8a000 	C:\WINDOWS\System32\RPCRT4.dll
0x00007ffae3e40000 - 0x00007ffae3fe0000 	C:\WINDOWS\System32\USER32.dll
0x00007ffae27f0000 - 0x00007ffae2812000 	C:\WINDOWS\System32\win32u.dll
0x00007ffae38f0000 - 0x00007ffae391a000 	C:\WINDOWS\System32\GDI32.dll
0x00007ffae2d80000 - 0x00007ffae2e8b000 	C:\WINDOWS\System32\gdi32full.dll
0x00007ffae2e90000 - 0x00007ffae2f2d000 	C:\WINDOWS\System32\msvcp_win.dll
0x00007ffae2ba0000 - 0x00007ffae2ca0000 	C:\WINDOWS\System32\ucrtbase.dll
0x00007ffacdbb0000 - 0x00007ffacde4a000 	C:\WINDOWS\WinSxS\amd64_microsoft.windows.common-controls_6595b64144ccf1df_6.0.19041.1110_none_60b5254171f9507e\COMCTL32.dll
0x00007ffae37c0000 - 0x00007ffae37f0000 	C:\WINDOWS\System32\IMM32.DLL
0x00000000575c0000 - 0x0000000057692000 	C:\Program Files\Java\jdk1.8.0_241\jre\bin\msvcr100.dll
0x0000000056d10000 - 0x00000000575bc000 	C:\Program Files\Java\jdk1.8.0_241\jre\bin\server\jvm.dll
0x00007ffae4d50000 - 0x00007ffae4d58000 	C:\WINDOWS\System32\PSAPI.DLL
0x00007ffad8520000 - 0x00007ffad8547000 	C:\WINDOWS\SYSTEM32\WINMM.dll
0x00007ffae0e20000 - 0x00007ffae0e29000 	C:\WINDOWS\SYSTEM32\WSOCK32.dll
0x00007ffada810000 - 0x00007ffada81a000 	C:\WINDOWS\SYSTEM32\VERSION.dll
0x00007ffae3880000 - 0x00007ffae38eb000 	C:\WINDOWS\System32\WS2_32.dll
0x00007ffad0be0000 - 0x00007ffad0bef000 	C:\Program Files\Java\jdk1.8.0_241\jre\bin\verify.dll
0x00007ffac1d00000 - 0x00007ffac1d29000 	C:\Program Files\Java\jdk1.8.0_241\jre\bin\java.dll
0x00007fface560000 - 0x00007fface576000 	C:\Program Files\Java\jdk1.8.0_241\jre\bin\zip.dll
0x00007ffae4580000 - 0x00007ffae4cbf000 	C:\WINDOWS\System32\SHELL32.dll
0x00007ffae05d0000 - 0x00007ffae0d61000 	C:\WINDOWS\SYSTEM32\windows.storage.dll
0x00007ffae4160000 - 0x00007ffae44b5000 	C:\WINDOWS\System32\combase.dll
0x00007ffae2190000 - 0x00007ffae21bc000 	C:\WINDOWS\SYSTEM32\Wldp.dll
0x00007ffae3700000 - 0x00007ffae37ae000 	C:\WINDOWS\System32\SHCORE.dll
0x00007ffae37f0000 - 0x00007ffae3845000 	C:\WINDOWS\System32\shlwapi.dll
0x00007ffae2730000 - 0x00007ffae274f000 	C:\WINDOWS\SYSTEM32\profapi.dll
0x00007ffacb560000 - 0x00007ffacb57a000 	C:\Program Files\Java\jdk1.8.0_241\jre\bin\net.dll
0x00007ffae1ef0000 - 0x00007ffae1f5a000 	C:\WINDOWS\system32\mswsock.dll
0x00007ffae1c20000 - 0x00007ffae1cec000 	C:\WINDOWS\SYSTEM32\DNSAPI.dll
0x00007ffae1be0000 - 0x00007ffae1c1b000 	C:\WINDOWS\SYSTEM32\IPHLPAPI.DLL
0x00007ffae37b0000 - 0x00007ffae37b8000 	C:\WINDOWS\System32\NSI.dll
0x00007ffacb550000 - 0x00007ffacb55a000 	C:\Windows\System32\rasadhlp.dll
0x00007ffacb6f0000 - 0x00007ffacb76f000 	C:\WINDOWS\System32\fwpuclnt.dll
0x00007ffae30f0000 - 0x00007ffae3117000 	C:\WINDOWS\System32\bcrypt.dll
0x00007ffae20d0000 - 0x00007ffae20e8000 	C:\WINDOWS\SYSTEM32\CRYPTSP.dll
0x00007ffae1890000 - 0x00007ffae18c4000 	C:\WINDOWS\system32\rsaenh.dll
0x00007ffae26b0000 - 0x00007ffae26de000 	C:\WINDOWS\SYSTEM32\USERENV.dll
0x00007ffae2ca0000 - 0x00007ffae2d23000 	C:\WINDOWS\System32\bcryptprimitives.dll
0x00007ffae20f0000 - 0x00007ffae20fc000 	C:\WINDOWS\SYSTEM32\CRYPTBASE.dll
0x00007ffae0db0000 - 0x00007ffae0dc7000 	C:\WINDOWS\SYSTEM32\dhcpcsvc6.DLL
0x00007ffae0d90000 - 0x00007ffae0dad000 	C:\WINDOWS\SYSTEM32\dhcpcsvc.DLL
0x00007ffac9a30000 - 0x00007ffac9a42000 	C:\Program Files\Java\jdk1.8.0_241\jre\bin\nio.dll
0x00007ffac1870000 - 0x00007ffac1894000 	C:\Program Files\Java\jdk1.8.0_241\jre\bin\sunec.dll
0x00007ffad0300000 - 0x00007ffad030b000 	C:\Program Files\Java\jdk1.8.0_241\jre\bin\sunmscapi.dll
0x00007ffae2f90000 - 0x00007ffae30ef000 	C:\WINDOWS\System32\CRYPT32.dll
0x00007ffad0250000 - 0x00007ffad025d000 	C:\Program Files\Java\jdk1.8.0_241\jre\bin\management.dll
0x00007ffaae7a0000 - 0x00007ffaae7b7000 	C:\WINDOWS\system32\napinsp.dll
0x00007ffaa6530000 - 0x00007ffaa654b000 	C:\WINDOWS\system32\pnrpnsp.dll
0x00007ffac0650000 - 0x00007ffac0665000 	C:\WINDOWS\system32\wshbth.dll
0x00007ffadde00000 - 0x00007ffadde1d000 	C:\WINDOWS\system32\NLAapi.dll
0x00007ffaa6310000 - 0x00007ffaa6322000 	C:\WINDOWS\System32\winrnr.dll

VM Arguments:
jvm_args: -ea -Dfile.encoding=Cp1252 
java_command: org.testng.remote.RemoteTestNG -serport 50548 -protocol json -d D:\Selenium Code\gitexample2\test-output D:\Selenium Code\gitexample2\testng.xml
java_class_path (initial): C:\Users\Prashsti Amit ji\eclipse\java-2021-06\eclipse\configuration\org.eclipse.osgi\442\0\.cp\lib\testng-remote.jar;D:\Selenium Code\gitexample2\target\test-classes;D:\Selenium Code\gitexample2\target\classes;C:\Users\Prashsti Amit ji\.p2\pool\plugins\org.testng_7.4.0.r202105021533.jar;C:\Users\Prashsti Amit ji\.p2\pool\plugins\com.beust.jcommander_1.78.0.jar;C:\Users\Prashsti Amit ji\.p2\pool\plugins\org.apache-extras.beanshell.bsh_2.0.0.b6.jar;C:\Users\Prashsti Amit ji\.p2\pool\plugins\org.yaml.snakeyaml_1.21.0.jar;C:\Users\Prashsti Amit ji\.p2\pool\plugins\org.webjars.jquery_3.5.1.jar;C:\Users\Prashsti Amit ji\.m2\repository\org\testng\testng\7.4.0\testng-7.4.0.jar;C:\Users\Prashsti Amit ji\.m2\repository\com\beust\jcommander\1.78\jcommander-1.78.jar;C:\Users\Prashsti Amit ji\.m2\repository\org\webjars\jquery\3.5.1\jquery-3.5.1.jar;C:\Users\Prashsti Amit ji\.m2\repository\org\seleniumhq\selenium\selenium-java\4.0.0-beta-3\selenium-java-4.0.0-beta-3.jar;C:\Users\Prashsti Amit ji\.m2\repository\org\seleniumhq\selenium\selenium-api\4.0.0-beta-3\selenium-api-4.0.0-beta-3.jar;C:\Users\Prashsti Amit ji\.m2\repository\org\seleniumhq\selenium\selenium-chrome-driver\4.0.0-beta-3\selenium-chrome-driver-4.0.0-beta-3.jar;C:\Users\Prashsti Amit ji\.m2\repository\com\google\auto\service\auto-service-annotations\1.0-rc7\auto-service-annotations-1.0-rc7.jar;C:\Users\Prashsti Amit ji\.m2\repository\com\google\auto\service\auto-service\1.0-rc7\auto-service-1.0-rc7.jar;C:\Users\Prashsti Amit ji\.m2\repository\com\google\auto\auto-common\0.10\auto-common-0.10.jar;C:\Users\Prashsti Amit ji\.m2\repository\com\google\guava\guava\30.1-jre\guava-30.1-jre.jar;C:\Users\Prashsti Amit ji\.m2\repository\com\google\guava\failureaccess\1.0.1\failureaccess-1.0.1.jar;C:\Users\Prashsti Amit ji\.m2\repository\com\google\guava\listenablefuture\9999.0-empty-to-avoid-conflict-with-guava\listenablefuture-9999.0-empty-to-avoid-conflict-with-guava.jar;C:\Users\Prashsti Amit
Launcher Type: SUN_STANDARD

Environment Variables:
JAVA_HOME=C:\Program Files\Java\jdk1.8.0_241
PATH=C:/Users/Prashsti Amit ji/.p2/pool/plugins/org.eclipse.justj.openjdk.hotspot.jre.full.win32.x86_64_16.0.1.v20210528-1205/jre/bin/server;C:/Users/Prashsti Amit ji/.p2/pool/plugins/org.eclipse.justj.openjdk.hotspot.jre.full.win32.x86_64_16.0.1.v20210528-1205/jre/bin;C:\Program Files (x86)\Common Files\Oracle\Java\javapath;C:\WINDOWS\system32;C:\WINDOWS;C:\WINDOWS\System32\Wbem;C:\WINDOWS\System32\WindowsPowerShell\v1.0\;C:\WINDOWS\System32\OpenSSH\;C:\Program Files\Microsoft SQL Server\Client SDK\ODBC\130\Tools\Binn\;C:\Program Files (x86)\Microsoft SQL Server\140\Tools\Binn\;C:\Program Files\Microsoft SQL Server\140\Tools\Binn\;C:\Program Files\Microsoft SQL Server\140\DTS\Binn\;C:\Program Files (x86)\Microsoft SQL Server\150\DTS\Binn\;C:\Program Files\Java\jdk1.8.0_241\bin;C:\Program Files\Java\jdk1.8.0_241\bin;C:\Program Files\nodejs\;C:\Program Files\Apache Maven\apache-maven-3.8.1\bin;C:\Program Files\Git\bin;C:\Program Files\Git\cmd;C:\Users\Prashsti Amit ji\AppData\Local\Microsoft\WindowsApps;C:\Users\Prashsti Amit ji\AppData\Roaming\npm;C:\Program Files (x86)\Sophos\Sophos SSL VPN Client\bin;C:\Users\Prashsti Amit ji\Desktop;
USERNAME=Prashsti Amit ji
OS=Windows_NT
PROCESSOR_IDENTIFIER=AMD64 Family 23 Model 24 Stepping 1, AuthenticAMD



---------------  S Y S T E M  ---------------

OS: Windows 10.0 , 64 bit Build 19041 (10.0.19041.1023)

CPU:total 4 (initial active 4) (4 cores per cpu, 1 threads per core) family 23 model 24 stepping 1, cmov, cx8, fxsr, mmx, sse, sse2, sse3, ssse3, sse4.1, sse4.2, popcnt, avx, avx2, aes, clmul, mmxext, 3dnowpref, lzcnt, sse4a, tsc, tscinvbit, tscinv, bmi1

Memory: 4k page, physical 3585256k(156268k free), swap 14595304k(268k free)

vm_info: Java HotSpot(TM) 64-Bit Server VM (25.241-b07) for windows-amd64 JRE (1.8.0_241-b07), built on Dec 11 2019 10:21:40 by "rejava" with MS VC++ 10.0 (VS2010)

time: Tue Aug 03 13:27:13 2021
timezone: India Standard Time
elapsed time: 21 seconds (0d 0h 0m 21s)

